<?xml version="1.0" encoding="UTF-8"?>
<testsuite xmlns:xsi="http://www.w3.org/2001/XMLSchema-instance" xsi:noNamespaceSchemaLocation="https://maven.apache.org/surefire/maven-surefire-plugin/xsd/surefire-test-report-3.0.xsd" version="3.0" name="test.ContaTest" time="39.864" tests="3" errors="1" skipped="0" failures="1">
  <properties>
[...]
</properties>
  <testcase name="test1_criarConta" classname="test.ContaTest" time="14.392">
    <system-err><![CDATA[SLF4J: Failed to load class "org.slf4j.impl.StaticLoggerBinder".
SLF4J: Defaulting to no-operation (NOP) logger implementation
SLF4J: See http://www.slf4j.org/codes.html#StaticLoggerBinder for further details.
1644281686777	geckodriver	INFO	Listening on 127.0.0.1:55702
1644281687153	mozrunner::runner	INFO	Running command: "C:\\Program Files\\Mozilla Firefox\\firefox.exe" "--marionette" "--remote-debugging-port" "60325" "-no-remote" "-profile" "C:\\Users\\rapha\\AppData\\Local\\Temp\\rust_mozprofileuuT6u6"
1644281687940	Marionette	INFO	Marionette enabled
console.warn: SearchSettings: "get: No settings file exists, new profile?" (new NotFoundError("Could not open the file at C:\\Users\\rapha\\AppData\\Local\\Temp\\rust_mozprofileuuT6u6\\search.json.mozlz4", (void 0)))
DevTools listening on ws://localhost:60325/devtools/browser/8971fe20-eceb-42f5-997f-9388704a4bc8
1644281693395	Marionette	INFO	Listening on port 50312
1644281694206	RemoteAgent	WARN	TLS certificate errors will be ignored for this session
fev. 07, 2022 9:54:54 PM org.openqa.selenium.remote.ProtocolHandshake createSession
INFORMAÇÕES: Detected dialect: W3C
console.warn: LoginRecipes: "getRecipes: falling back to a synchronous message for:" "https://seubarriga.wcaquino.me"
console.warn: LoginRecipes: "gJeatvRecipesa:S cfraillpingt  baecrkr otro:  rae ssoyunrcchroen:o//ugsr eme/smsoadgue lfeosr/:L"o g"ihntMtapnsa:g/e/rsPeaubarriga.wcaquino.me"
rent.jsm, line 136: TypeError: gRecipeManager is null
console.warn: LoginRecipes: "getRecipes: falling back to a synchronous message for:" "https://seubarriga.wcaquino.me"
JavaScript error: resource://gre/modules/LoginManagerParent.jsm, line 136: TypeError: gRecipeManager is null
console.warn: LoginRecipes: "getRecipes: falling back Jto a sayncvhroanoSusc merssiage pfotr :" "ehtrtprs:o//rse:ub arrriegas.wocauqurinoc.mee":
//gre/modules/LoginManagerParent.jsm, line 136: TypeError: gRecipeManager is null
1644281698165	Marionette	INFO	Stopped listening on port 50312
JavaScript error: resource://gre/modules/UrlClassifierListManager.jsm, line 691: TypeError: this.tablesData[table] is undefined
]]></system-err>
  </testcase>
  <testcase name="test2_AlterarConta" classname="test.ContaTest" time="12.68">
    <error message="Unable to locate element: .//tr[1]/td[-1]&#10;For documentation on this error, please visit: https://selenium.dev/exceptions/#no_such_element&#10;Build info: version: &apos;4.1.2&apos;, revision: &apos;9a5a329c5a&apos;&#10;System info: host: &apos;DESKTOP-BG5C145&apos;, ip: &apos;192.168.0.106&apos;, os.name: &apos;Windows 10&apos;, os.arch: &apos;amd64&apos;, os.version: &apos;10.0&apos;, java.version: &apos;17.0.1&apos;&#10;Driver info: org.openqa.selenium.firefox.FirefoxDriver&#10;Command: [30acc7c1-a5f6-4bf4-95ac-19ab03a65f50, findChildElement {id=06d17222-9d6f-4396-b9b6-317a8970e600, using=xpath, value=.//tr[1]/td[-1]}]&#10;Capabilities {acceptInsecureCerts: true, browserName: firefox, browserVersion: 96.0.3, javascriptEnabled: true, moz:accessibilityChecks: false, moz:buildID: 20220126154723, moz:debuggerAddress: localhost:50063, moz:geckodriverVersion: 0.30.0, moz:headless: false, moz:processID: 7184, moz:profile: C:\Users\rapha\AppData\Loca..., moz:shutdownTimeout: 60000, moz:useNonSpecCompliantPointerOrigin: false, moz:webdriverClick: true, pageLoadStrategy: normal, platform: WINDOWS, platformName: WINDOWS, platformVersion: 10.0, proxy: Proxy(), se:cdp: ws://localhost:50063/devtoo..., se:cdpVersion: 85.0, setWindowRect: true, strictFileInteractability: false, timeouts: {implicit: 0, pageLoad: 300000, script: 30000}, unhandledPromptBehavior: dismiss and notify}&#10;Session ID: 30acc7c1-a5f6-4bf4-95ac-19ab03a65f50" type="org.openqa.selenium.NoSuchElementException"><![CDATA[org.openqa.selenium.NoSuchElementException: 
Unable to locate element: .//tr[1]/td[-1]
For documentation on this error, please visit: https://selenium.dev/exceptions/#no_such_element
Build info: version: '4.1.2', revision: '9a5a329c5a'
System info: host: 'DESKTOP-BG5C145', ip: '192.168.0.106', os.name: 'Windows 10', os.arch: 'amd64', os.version: '10.0', java.version: '17.0.1'
Driver info: org.openqa.selenium.firefox.FirefoxDriver
Command: [30acc7c1-a5f6-4bf4-95ac-19ab03a65f50, findChildElement {id=06d17222-9d6f-4396-b9b6-317a8970e600, using=xpath, value=.//tr[1]/td[-1]}]
Capabilities {acceptInsecureCerts: true, browserName: firefox, browserVersion: 96.0.3, javascriptEnabled: true, moz:accessibilityChecks: false, moz:buildID: 20220126154723, moz:debuggerAddress: localhost:50063, moz:geckodriverVersion: 0.30.0, moz:headless: false, moz:processID: 7184, moz:profile: C:\Users\rapha\AppData\Loca..., moz:shutdownTimeout: 60000, moz:useNonSpecCompliantPointerOrigin: false, moz:webdriverClick: true, pageLoadStrategy: normal, platform: WINDOWS, platformName: WINDOWS, platformVersion: 10.0, proxy: Proxy(), se:cdp: ws://localhost:50063/devtoo..., se:cdpVersion: 85.0, setWindowRect: true, strictFileInteractability: false, timeouts: {implicit: 0, pageLoad: 300000, script: 30000}, unhandledPromptBehavior: dismiss and notify}
Session ID: 30acc7c1-a5f6-4bf4-95ac-19ab03a65f50
	at test.ContaTest.test2_AlterarConta(ContaTest.java:30)
]]></error>
    <system-err><![CDATA[1644281700265	geckodriver	INFO	Listening on 127.0.0.1:49901
1644281700342	mozrunner::runner	INFO	Running command: "C:\\Program Files\\Mozilla Firefox\\firefox.exe" "--marionette" "--remote-debugging-port" "50063" "-no-remote" "-profile" "C:\\Users\\rapha\\AppData\\Local\\Temp\\rust_mozprofileisx9Uk"
1644281701037	Marionette	INFO	Marionette enabled
console.warn: SearchSettings: "get: No settings file exists, new profile?" (new NotFoundError("Could not open the file at C:\\Users\\rapha\\AppData\\Local\\Temp\\rust_mozprofileisx9Uk\\search.json.mozlz4", (void 0)))
DevTools listening on ws://localhost:50063/devtools/browser/c65c6d7c-c71b-4700-9709-24f580c4a10f
1644281706261	Marionette	INFO	Listening on port 50467
1644281707024	RemoteAgent	WARN	TLS certificate errors will be ignored for this session
fev. 07, 2022 9:55:07 PM org.openqa.selenium.remote.ProtocolHandshake createSession
INFORMAÇÕES: Detected dialect: W3C
console.warn: LoginRecipes: "getRecipes: falling back to a synchronous message for:" "https://seubarriga.wcaquino.me"
console.warn: LoginRecipes: "getRecJiavaSpcerisp:t  fearlrloirn:g  rbesaocukr cte:o/ /ag rsyen/cmhordounloeuss/ LoginmMaensasgaegreP afroern:t".jsm, l i"nhe t1t3p6:s :T/y/pseeEurbraorrr:i ggaR.ewcciapqeuMiannoa.gmee"r is null

1644281710773	Marionette	INFO	Stopped listening on port 50467
JavaScript error: resource://gre/modules/UrlClassifierListManager.jsm, line 691: TypeError: this.tablesData[table] is undefined
]]></system-err>
  </testcase>
  <testcase name="test3_CriarContaExistente" classname="test.ContaTest" time="12.699">
    <failure message="expected:&lt;J[Ã¡] existe uma conta co...&gt; but was:&lt;J[á] existe uma conta co...&gt;" type="org.junit.ComparisonFailure"><![CDATA[org.junit.ComparisonFailure: expected:<J[Ã¡] existe uma conta co...> but was:<J[á] existe uma conta co...>
	at test.ContaTest.test3_CriarContaExistente(ContaTest.java:41)
]]></failure>
    <system-err><![CDATA[1644281713003	geckodriver	INFO	Listening on 127.0.0.1:58503
1644281713071	mozrunner::runner	INFO	Running command: "C:\\Program Files\\Mozilla Firefox\\firefox.exe" "--marionette" "--remote-debugging-port" "55003" "-no-remote" "-profile" "C:\\Users\\rapha\\AppData\\Local\\Temp\\rust_mozprofilem9uHSi"
1644281713647	Marionette	INFO	Marionette enabled
console.warn: SearchSettings: "get: No settings file exists, new profile?" (new NotFoundError("Could not open the file at C:\\Users\\rapha\\AppData\\Local\\Temp\\rust_mozprofilem9uHSi\\search.json.mozlz4", (void 0)))
DevTools listening on ws://localhost:55003/devtools/browser/abea8c7a-fe99-4306-b086-58f61617a021
1644281718286	Marionette	INFO	Listening on port 50661
1644281719046	RemoteAgent	WARN	TLS certificate errors will be ignored for this session
fev. 07, 2022 9:55:19 PM org.openqa.selenium.remote.ProtocolHandshake createSession
INFORMAÇÕES: Detected dialect: W3C
console.warn: LoginRecipes: "getRecipes: falling back to a synchronous message for:" "https://seubarriga.wcaquino.me"
console.warn: LoginRecipes: "getRecipes: faJllavaiSncgr ibpatc ke rtroo ra:  sreynscohurrconeo:u/s/ gmrees/smagoed fuorles:/"L o"hgtintMpas:n/ag/ersPeuabrenart.jsm, line 136: TypeError: gRecipeManager is null
riga.wcaquino.me"
console.warn: LoginRecipes: "getRecipes: falling back to a synchronous message for:" "https://seubarriga.wcaquino.me"
JavaScript error: resource://gre/modules/LoginManagerParent.jsm, line 136: TypeError: gRecipeManager is null
console.warn: LoginReJcaivpaeSsc:r i"pgte teRrerciopre:s : fraelsloiunrgc eb:/a/cgkre /tmoo daul essy/ncLhogrionMnoaunsag emrePsasraegnet .fjosrm:,"  l"hitntep s1:3/6/:s eTuybpeaErrrirgoar.:w gcaRqueincoi.pmee"M
anager is null
1644281723175	Marionette	INFO	Stopped listening on port 50661
JavaScript error: resource://gre/modules/UrlClassifierListManager.jsm, line 691: TypeError: this.tablesData[table] is undefined
]]></system-err>
  </testcase>
</testsuite>