<?xml version="1.0" encoding="UTF-8"?>
<testsuite xmlns:xsi="http://www.w3.org/2001/XMLSchema-instance" xsi:noNamespaceSchemaLocation="https://maven.apache.org/surefire/maven-surefire-plugin/xsd/surefire-test-report-3.0.xsd" version="3.0" name="test.ResumoTest" time="32.206" tests="3" errors="2" skipped="0" failures="0">
  <properties>
[...]
</properties>
  <testcase name="test1_VerificarSaldoConta" classname="test.ResumoTest" time="11.326">
    <error message="Unable to locate element: .//tr[1]/td[2]&#10;For documentation on this error, please visit: https://selenium.dev/exceptions/#no_such_element&#10;Build info: version: &apos;4.1.2&apos;, revision: &apos;9a5a329c5a&apos;&#10;System info: host: &apos;DESKTOP-BG5C145&apos;, ip: &apos;192.168.0.106&apos;, os.name: &apos;Windows 10&apos;, os.arch: &apos;amd64&apos;, os.version: &apos;10.0&apos;, java.version: &apos;17.0.1&apos;&#10;Driver info: org.openqa.selenium.firefox.FirefoxDriver&#10;Command: [14a0e491-3e71-4971-a5b9-cdf7b8bd7ede, findChildElement {id=ea01e763-4982-498c-a3a1-4d904e76c89f, using=xpath, value=.//tr[1]/td[2]}]&#10;Capabilities {acceptInsecureCerts: true, browserName: firefox, browserVersion: 96.0.3, javascriptEnabled: true, moz:accessibilityChecks: false, moz:buildID: 20220126154723, moz:debuggerAddress: localhost:58440, moz:geckodriverVersion: 0.30.0, moz:headless: false, moz:processID: 14048, moz:profile: C:\Users\rapha\AppData\Loca..., moz:shutdownTimeout: 60000, moz:useNonSpecCompliantPointerOrigin: false, moz:webdriverClick: true, pageLoadStrategy: normal, platform: WINDOWS, platformName: WINDOWS, platformVersion: 10.0, proxy: Proxy(), se:cdp: ws://localhost:58440/devtoo..., se:cdpVersion: 85.0, setWindowRect: true, strictFileInteractability: false, timeouts: {implicit: 0, pageLoad: 300000, script: 30000}, unhandledPromptBehavior: dismiss and notify}&#10;Session ID: 14a0e491-3e71-4971-a5b9-cdf7b8bd7ede" type="org.openqa.selenium.NoSuchElementException"><![CDATA[org.openqa.selenium.NoSuchElementException: 
Unable to locate element: .//tr[1]/td[2]
For documentation on this error, please visit: https://selenium.dev/exceptions/#no_such_element
Build info: version: '4.1.2', revision: '9a5a329c5a'
System info: host: 'DESKTOP-BG5C145', ip: '192.168.0.106', os.name: 'Windows 10', os.arch: 'amd64', os.version: '10.0', java.version: '17.0.1'
Driver info: org.openqa.selenium.firefox.FirefoxDriver
Command: [14a0e491-3e71-4971-a5b9-cdf7b8bd7ede, findChildElement {id=ea01e763-4982-498c-a3a1-4d904e76c89f, using=xpath, value=.//tr[1]/td[2]}]
Capabilities {acceptInsecureCerts: true, browserName: firefox, browserVersion: 96.0.3, javascriptEnabled: true, moz:accessibilityChecks: false, moz:buildID: 20220126154723, moz:debuggerAddress: localhost:58440, moz:geckodriverVersion: 0.30.0, moz:headless: false, moz:processID: 14048, moz:profile: C:\Users\rapha\AppData\Loca..., moz:shutdownTimeout: 60000, moz:useNonSpecCompliantPointerOrigin: false, moz:webdriverClick: true, pageLoadStrategy: normal, platform: WINDOWS, platformName: WINDOWS, platformVersion: 10.0, proxy: Proxy(), se:cdp: ws://localhost:58440/devtoo..., se:cdpVersion: 85.0, setWindowRect: true, strictFileInteractability: false, timeouts: {implicit: 0, pageLoad: 300000, script: 30000}, unhandledPromptBehavior: dismiss and notify}
Session ID: 14a0e491-3e71-4971-a5b9-cdf7b8bd7ede
	at test.ResumoTest.test1_VerificarSaldoConta(ResumoTest.java:26)
]]></error>
    <system-err><![CDATA[1644281769349	geckodriver	INFO	Listening on 127.0.0.1:51387
1644281770330	mozrunner::runner	INFO	Running command: "C:\\Program Files\\Mozilla Firefox\\firefox.exe" "--marionette" "--remote-debugging-port" "58440" "-no-remote" "-profile" "C:\\Users\\rapha\\AppData\\Local\\Temp\\rust_mozprofile5l4yi7"
1644281770885	Marionette	INFO	Marionette enabled
console.warn: SearchSettings: "get: No settings file exists, new profile?" (new NotFoundError("Could not open the file at C:\\Users\\rapha\\AppData\\Local\\Temp\\rust_mozprofile5l4yi7\\search.json.mozlz4", (void 0)))
DevTools listening on ws://localhost:58440/devtools/browser/ab3064cb-8ec4-4623-9123-1676a6f53dde
1644281775157	Marionette	INFO	Listening on port 51391
1644281775759	RemoteAgent	WARN	TLS certificate errors will be ignored for this session
fev. 07, 2022 9:56:15 PM org.openqa.selenium.remote.ProtocolHandshake createSession
INFORMAÇÕES: Detected dialect: W3C
console.warn: LoginRecipes: "getRecipes: falling back to a synchronous message for:" "https://seubarriga.wcaquino.me"
console.warn: LoginRecipes: "getRecipes: falling back to a synchronous message for:" "https://seubarriga.wcaquino.me"
JavaScript error: resource://gre/modules/LoginManagerParent.jsm, line 136: TypeError: gRecipeManager is null
1644281778713	Marionette	INFO	Stopped listening on port 51391
JavaScript error: resource://gre/modules/UrlClassifierListManager.jsm, line 691: TypeError: this.tablesData[table] is undefined
]]></system-err>
  </testcase>
  <testcase name="test2_ExcluirMovimentacao" classname="test.ResumoTest" time="10.741">
    <error message="Unable to locate element: .//tr[-1]/td[-1]&#10;For documentation on this error, please visit: https://selenium.dev/exceptions/#no_such_element&#10;Build info: version: &apos;4.1.2&apos;, revision: &apos;9a5a329c5a&apos;&#10;System info: host: &apos;DESKTOP-BG5C145&apos;, ip: &apos;192.168.0.106&apos;, os.name: &apos;Windows 10&apos;, os.arch: &apos;amd64&apos;, os.version: &apos;10.0&apos;, java.version: &apos;17.0.1&apos;&#10;Driver info: org.openqa.selenium.firefox.FirefoxDriver&#10;Command: [7c0af97e-890e-4ca4-924f-03d74a072ab6, findChildElement {id=0ef9c8d9-81ca-43a5-985d-43130d1e4ea9, using=xpath, value=.//tr[-1]/td[-1]}]&#10;Capabilities {acceptInsecureCerts: true, browserName: firefox, browserVersion: 96.0.3, javascriptEnabled: true, moz:accessibilityChecks: false, moz:buildID: 20220126154723, moz:debuggerAddress: localhost:55227, moz:geckodriverVersion: 0.30.0, moz:headless: false, moz:processID: 18428, moz:profile: C:\Users\rapha\AppData\Loca..., moz:shutdownTimeout: 60000, moz:useNonSpecCompliantPointerOrigin: false, moz:webdriverClick: true, pageLoadStrategy: normal, platform: WINDOWS, platformName: WINDOWS, platformVersion: 10.0, proxy: Proxy(), se:cdp: ws://localhost:55227/devtoo..., se:cdpVersion: 85.0, setWindowRect: true, strictFileInteractability: false, timeouts: {implicit: 0, pageLoad: 300000, script: 30000}, unhandledPromptBehavior: dismiss and notify}&#10;Session ID: 7c0af97e-890e-4ca4-924f-03d74a072ab6" type="org.openqa.selenium.NoSuchElementException"><![CDATA[org.openqa.selenium.NoSuchElementException: 
Unable to locate element: .//tr[-1]/td[-1]
For documentation on this error, please visit: https://selenium.dev/exceptions/#no_such_element
Build info: version: '4.1.2', revision: '9a5a329c5a'
System info: host: 'DESKTOP-BG5C145', ip: '192.168.0.106', os.name: 'Windows 10', os.arch: 'amd64', os.version: '10.0', java.version: '17.0.1'
Driver info: org.openqa.selenium.firefox.FirefoxDriver
Command: [7c0af97e-890e-4ca4-924f-03d74a072ab6, findChildElement {id=0ef9c8d9-81ca-43a5-985d-43130d1e4ea9, using=xpath, value=.//tr[-1]/td[-1]}]
Capabilities {acceptInsecureCerts: true, browserName: firefox, browserVersion: 96.0.3, javascriptEnabled: true, moz:accessibilityChecks: false, moz:buildID: 20220126154723, moz:debuggerAddress: localhost:55227, moz:geckodriverVersion: 0.30.0, moz:headless: false, moz:processID: 18428, moz:profile: C:\Users\rapha\AppData\Loca..., moz:shutdownTimeout: 60000, moz:useNonSpecCompliantPointerOrigin: false, moz:webdriverClick: true, pageLoadStrategy: normal, platform: WINDOWS, platformName: WINDOWS, platformVersion: 10.0, proxy: Proxy(), se:cdp: ws://localhost:55227/devtoo..., se:cdpVersion: 85.0, setWindowRect: true, strictFileInteractability: false, timeouts: {implicit: 0, pageLoad: 300000, script: 30000}, unhandledPromptBehavior: dismiss and notify}
Session ID: 7c0af97e-890e-4ca4-924f-03d74a072ab6
	at test.ResumoTest.test2_ExcluirMovimentacao(ResumoTest.java:32)
]]></error>
    <system-err><![CDATA[1644281780722	geckodriver	INFO	Listening on 127.0.0.1:63725
1644281780751	mozrunner::runner	INFO	Running command: "C:\\Program Files\\Mozilla Firefox\\firefox.exe" "--marionette" "--remote-debugging-port" "55227" "-no-remote" "-profile" "C:\\Users\\rapha\\AppData\\Local\\Temp\\rust_mozprofileCrho6J"
1644281781263	Marionette	INFO	Marionette enabled
console.warn: SearchSettings: "get: No settings file exists, new profile?" (new NotFoundError("Could not open the file at C:\\Users\\rapha\\AppData\\Local\\Temp\\rust_mozprofileCrho6J\\search.json.mozlz4", (void 0)))
DevTools listening on ws://localhost:55227/devtools/browser/590ce48b-e7fd-4b76-861f-aa810aa3eafa
1644281785517	Marionette	INFO	Listening on port 51516
1644281786101	RemoteAgent	WARN	TLS certificate errors will be ignored for this session
fev. 07, 2022 9:56:26 PM org.openqa.selenium.remote.ProtocolHandshake createSession
INFORMAÇÕES: Detected dialect: W3C
console.warn: LoginRecipes: "getRecipes: falling back to a synchronous message for:" "https://seubarriga.wcaquino.me"
console.warn: LoginRecipes: "getRecipes: JfavaSallcirnigpt e rbrack otro: a  ressyonchruonrocue:s/ mess/aggre ef/omro:d" ul"ehst/tLposg:i//nsMeaunabgeraPrarriegnat..wjcsaqm,u ilinnoe. m136e:" T
ypeError: gRecipeManager is null
1644281789877	Marionette	INFO	Stopped listening on port 51516
JavaScript error: resource://gre/modules/UrlClassifierListManager.jsm, line 691: TypeError: this.tablesData[table] is undefined
]]></system-err>
  </testcase>
  <testcase name="test3_ResumoMensal" classname="test.ResumoTest" time="10.137">
    <system-err><![CDATA[1644281791458	geckodriver	INFO	Listening on 127.0.0.1:63642
1644281791486	mozrunner::runner	INFO	Running command: "C:\\Program Files\\Mozilla Firefox\\firefox.exe" "--marionette" "--remote-debugging-port" "60820" "-no-remote" "-profile" "C:\\Users\\rapha\\AppData\\Local\\Temp\\rust_mozprofileOxZbGR"
1644281792070	Marionette	INFO	Marionette enabled
console.warn: SearchSettings: "get: No settings file exists, new profile?" (new NotFoundError("Could not open the file at C:\\Users\\rapha\\AppData\\Local\\Temp\\rust_mozprofileOxZbGR\\search.json.mozlz4", (void 0)))
DevTools listening on ws://localhost:60820/devtools/browser/cda873f6-81aa-4cfd-888e-4680e55ddfa3
1644281796128	Marionette	INFO	Listening on port 51603
1644281796578	RemoteAgent	WARN	TLS certificate errors will be ignored for this session
fev. 07, 2022 9:56:36 PM org.openqa.selenium.remote.ProtocolHandshake createSession
INFORMAÇÕES: Detected dialect: W3C
console.warn: LoginRecipes: "getRecipes: falling back to a synchronous message for:" "https://seubarriga.wcaquino.me"
console.warn: LoginRecipes: "getRecipes: falling back to a synchronous message for:" "https://seubarriga.wcaquino.me"
JavaScript error: resource://gre/modules/LoginManagerParent.jsm, line 136: TypeError: gRecipeManager is null
1644281799875	Marionette	INFO	Stopped listening on port 51603
JavaScript error: resource://gre/modules/UrlClassifierListManager.jsm, line 691: TypeError: this.tablesData[table] is undefined
]]></system-err>
  </testcase>
</testsuite>