-------------------------------------------------------------------------------
Test set: test.MovimentacaoTest
-------------------------------------------------------------------------------
Tests run: 3, Failures: 0, Errors: 3, Skipped: 0, Time elapsed: 32.978 s <<< FAILURE! - in test.MovimentacaoTest
test.MovimentacaoTest.test1_CriarMovimentacao  Time elapsed: 12.478 s  <<< ERROR!
org.openqa.selenium.NoSuchElementException: 
Unable to locate element: Criar MovimentaÃ§Ã£o
For documentation on this error, please visit: https://selenium.dev/exceptions/#no_such_element
Build info: version: '4.1.2', revision: '9a5a329c5a'
System info: host: 'DESKTOP-BG5C145', ip: '192.168.0.106', os.name: 'Windows 10', os.arch: 'amd64', os.version: '10.0', java.version: '17.0.1'
Driver info: org.openqa.selenium.firefox.FirefoxDriver
Command: [74e96666-276c-4e9f-b41c-d295ef486b7b, findElement {using=link text, value=Criar MovimentaÃ§Ã£o}]
Capabilities {acceptInsecureCerts: true, browserName: firefox, browserVersion: 96.0.3, javascriptEnabled: true, moz:accessibilityChecks: false, moz:buildID: 20220126154723, moz:debuggerAddress: localhost:50124, moz:geckodriverVersion: 0.30.0, moz:headless: false, moz:processID: 6192, moz:profile: C:\Users\rapha\AppData\Loca..., moz:shutdownTimeout: 60000, moz:useNonSpecCompliantPointerOrigin: false, moz:webdriverClick: true, pageLoadStrategy: normal, platform: WINDOWS, platformName: WINDOWS, platformVersion: 10.0, proxy: Proxy(), se:cdp: ws://localhost:50124/devtoo..., se:cdpVersion: 85.0, setWindowRect: true, strictFileInteractability: false, timeouts: {implicit: 0, pageLoad: 300000, script: 30000}, unhandledPromptBehavior: dismiss and notify}
Session ID: 74e96666-276c-4e9f-b41c-d295ef486b7b
	at test.MovimentacaoTest.test1_CriarMovimentacao(MovimentacaoTest.java:21)

test.MovimentacaoTest.test2_CamposObrigatorios  Time elapsed: 10.327 s  <<< ERROR!
org.openqa.selenium.NoSuchElementException: 
Unable to locate element: Criar MovimentaÃ§Ã£o
For documentation on this error, please visit: https://selenium.dev/exceptions/#no_such_element
Build info: version: '4.1.2', revision: '9a5a329c5a'
System info: host: 'DESKTOP-BG5C145', ip: '192.168.0.106', os.name: 'Windows 10', os.arch: 'amd64', os.version: '10.0', java.version: '17.0.1'
Driver info: org.openqa.selenium.firefox.FirefoxDriver
Command: [e9dd0ba4-d955-48d2-adf3-a00ae1330623, findElement {using=link text, value=Criar MovimentaÃ§Ã£o}]
Capabilities {acceptInsecureCerts: true, browserName: firefox, browserVersion: 96.0.3, javascriptEnabled: true, moz:accessibilityChecks: false, moz:buildID: 20220126154723, moz:debuggerAddress: localhost:61538, moz:geckodriverVersion: 0.30.0, moz:headless: false, moz:processID: 13592, moz:profile: C:\Users\rapha\AppData\Loca..., moz:shutdownTimeout: 60000, moz:useNonSpecCompliantPointerOrigin: false, moz:webdriverClick: true, pageLoadStrategy: normal, platform: WINDOWS, platformName: WINDOWS, platformVersion: 10.0, proxy: Proxy(), se:cdp: ws://localhost:61538/devtoo..., se:cdpVersion: 85.0, setWindowRect: true, strictFileInteractability: false, timeouts: {implicit: 0, pageLoad: 300000, script: 30000}, unhandledPromptBehavior: dismiss and notify}
Session ID: e9dd0ba4-d955-48d2-adf3-a00ae1330623
	at test.MovimentacaoTest.test2_CamposObrigatorios(MovimentacaoTest.java:35)

test.MovimentacaoTest.test3_MovimentacaoFutura  Time elapsed: 10.169 s  <<< ERROR!
org.openqa.selenium.NoSuchElementException: 
Unable to locate element: Criar MovimentaÃ§Ã£o
For documentation on this error, please visit: https://selenium.dev/exceptions/#no_such_element
Build info: version: '4.1.2', revision: '9a5a329c5a'
System info: host: 'DESKTOP-BG5C145', ip: '192.168.0.106', os.name: 'Windows 10', os.arch: 'amd64', os.version: '10.0', java.version: '17.0.1'
Driver info: org.openqa.selenium.firefox.FirefoxDriver
Command: [7d9d759a-ffe0-44df-82b4-7c4c636104bc, findElement {using=link text, value=Criar MovimentaÃ§Ã£o}]
Capabilities {acceptInsecureCerts: true, browserName: firefox, browserVersion: 96.0.3, javascriptEnabled: true, moz:accessibilityChecks: false, moz:buildID: 20220126154723, moz:debuggerAddress: localhost:56633, moz:geckodriverVersion: 0.30.0, moz:headless: false, moz:processID: 14828, moz:profile: C:\Users\rapha\AppData\Loca..., moz:shutdownTimeout: 60000, moz:useNonSpecCompliantPointerOrigin: false, moz:webdriverClick: true, pageLoadStrategy: normal, platform: WINDOWS, platformName: WINDOWS, platformVersion: 10.0, proxy: Proxy(), se:cdp: ws://localhost:56633/devtoo..., se:cdpVersion: 85.0, setWindowRect: true, strictFileInteractability: false, timeouts: {implicit: 0, pageLoad: 300000, script: 30000}, unhandledPromptBehavior: dismiss and notify}
Session ID: 7d9d759a-ffe0-44df-82b4-7c4c636104bc
	at test.MovimentacaoTest.test3_MovimentacaoFutura(MovimentacaoTest.java:46)

